{"/home/sohail/Desktop/Unit Testing poc/nodejs-unit-test-poc/src/app/Authorization/SessionTokenDBAccess.ts": {"path":"/home/sohail/Desktop/Unit Testing poc/nodejs-unit-test-poc/src/app/Authorization/SessionTokenDBAccess.ts","statementMap":{"0":{"start":{"line":2,"column":0},"end":{"line":2,"column":28}},"1":{"start":{"line":4,"column":0},"end":{"line":4,"column":13}},"2":{"start":{"line":8,"column":16},"end":{"line":8,"column":null}},"3":{"start":{"line":9,"column":8},"end":{"line":9,"column":25}},"4":{"start":{"line":10,"column":8},"end":{"line":10,"column":33}},"5":{"start":{"line":13,"column":17},"end":{"line":23,"column":null}},"6":{"start":{"line":14,"column":8},"end":{"line":22,"column":11}},"7":{"start":{"line":15,"column":12},"end":{"line":21,"column":null}},"8":{"start":{"line":16,"column":16},"end":{"line":20,"column":null}},"9":{"start":{"line":17,"column":20},"end":{"line":17,"column":null}},"10":{"start":{"line":19,"column":20},"end":{"line":19,"column":null}},"11":{"start":{"line":25,"column":17},"end":{"line":39,"column":null}},"12":{"start":{"line":26,"column":8},"end":{"line":38,"column":12}},"13":{"start":{"line":27,"column":12},"end":{"line":37,"column":null}},"14":{"start":{"line":28,"column":16},"end":{"line":36,"column":null}},"15":{"start":{"line":29,"column":20},"end":{"line":29,"column":null}},"16":{"start":{"line":31,"column":20},"end":{"line":35,"column":null}},"17":{"start":{"line":32,"column":24},"end":{"line":32,"column":null}},"18":{"start":{"line":34,"column":24},"end":{"line":34,"column":41}},"19":{"start":{"line":41,"column":17},"end":{"line":55,"column":null}},"20":{"start":{"line":42,"column":8},"end":{"line":54,"column":11}},"21":{"start":{"line":43,"column":12},"end":{"line":53,"column":null}},"22":{"start":{"line":44,"column":16},"end":{"line":52,"column":null}},"23":{"start":{"line":45,"column":20},"end":{"line":45,"column":null}},"24":{"start":{"line":47,"column":20},"end":{"line":51,"column":null}},"25":{"start":{"line":48,"column":24},"end":{"line":48,"column":null}},"26":{"start":{"line":50,"column":24},"end":{"line":50,"column":34}},"27":{"start":{"line":56,"column":0},"end":{"line":56,"column":null}},"28":{"start":{"line":4,"column":13},"end":{"line":4,"column":33}}},"fnMap":{"0":{"name":"(anonymous_13)","decl":{"start":{"line":4,"column":0},"end":{"line":4,"column":13}},"loc":{"start":{"line":4,"column":0},"end":{"line":56,"column":null}}},"1":{"name":"SessionTokenDBAccess","decl":{"start":{"line":8,"column":4},"end":{"line":8,"column":16}},"loc":{"start":{"line":8,"column":60},"end":{"line":11,"column":5}}},"2":{"name":"(anonymous_15)","decl":{"start":{"line":13,"column":4},"end":{"line":13,"column":17}},"loc":{"start":{"line":13,"column":54},"end":{"line":23,"column":null}}},"3":{"name":"(anonymous_18)","decl":{"start":{"line":14,"column":27},"end":{"line":14,"column":28}},"loc":{"start":{"line":14,"column":43},"end":{"line":22,"column":9}}},"4":{"name":"(anonymous_19)","decl":{"start":{"line":15,"column":36},"end":{"line":15,"column":37}},"loc":{"start":{"line":15,"column":54},"end":{"line":21,"column":13}}},"5":{"name":"(anonymous_20)","decl":{"start":{"line":25,"column":4},"end":{"line":25,"column":17}},"loc":{"start":{"line":25,"column":41},"end":{"line":39,"column":null}}},"6":{"name":"(anonymous_23)","decl":{"start":{"line":26,"column":27},"end":{"line":26,"column":28}},"loc":{"start":{"line":26,"column":43},"end":{"line":38,"column":9}}},"7":{"name":"(anonymous_24)","decl":{"start":{"line":27,"column":48},"end":{"line":27,"column":49}},"loc":{"start":{"line":27,"column":72},"end":{"line":37,"column":13}}},"8":{"name":"(anonymous_25)","decl":{"start":{"line":41,"column":4},"end":{"line":41,"column":17}},"loc":{"start":{"line":41,"column":44},"end":{"line":55,"column":null}}},"9":{"name":"(anonymous_28)","decl":{"start":{"line":42,"column":27},"end":{"line":42,"column":28}},"loc":{"start":{"line":42,"column":43},"end":{"line":54,"column":9}}},"10":{"name":"(anonymous_29)","decl":{"start":{"line":43,"column":55},"end":{"line":43,"column":56}},"loc":{"start":{"line":43,"column":86},"end":{"line":53,"column":13}}}},"branchMap":{"0":{"loc":{"start":{"line":8,"column":16},"end":{"line":8,"column":null}},"type":"if","locations":[{"start":{"line":8,"column":16},"end":{"line":8,"column":null}},{"start":{"line":8,"column":16},"end":{"line":8,"column":null}}]},"1":{"loc":{"start":{"line":16,"column":16},"end":{"line":20,"column":null}},"type":"if","locations":[{"start":{"line":16,"column":16},"end":{"line":20,"column":null}},{"start":{"line":16,"column":16},"end":{"line":20,"column":null}}]},"2":{"loc":{"start":{"line":28,"column":16},"end":{"line":36,"column":null}},"type":"if","locations":[{"start":{"line":28,"column":16},"end":{"line":36,"column":null}},{"start":{"line":28,"column":16},"end":{"line":36,"column":null}}]},"3":{"loc":{"start":{"line":31,"column":20},"end":{"line":35,"column":null}},"type":"if","locations":[{"start":{"line":31,"column":20},"end":{"line":35,"column":null}},{"start":{"line":31,"column":20},"end":{"line":35,"column":null}}]},"4":{"loc":{"start":{"line":44,"column":16},"end":{"line":52,"column":null}},"type":"if","locations":[{"start":{"line":44,"column":16},"end":{"line":52,"column":null}},{"start":{"line":44,"column":16},"end":{"line":52,"column":null}}]},"5":{"loc":{"start":{"line":47,"column":20},"end":{"line":51,"column":null}},"type":"if","locations":[{"start":{"line":47,"column":20},"end":{"line":51,"column":null}},{"start":{"line":47,"column":20},"end":{"line":51,"column":null}}]}},"s":{"0":1,"1":1,"2":2,"3":1,"4":1,"5":1,"6":1,"7":1,"8":1,"9":0,"10":1,"11":1,"12":2,"13":2,"14":2,"15":0,"16":2,"17":1,"18":1,"19":1,"20":2,"21":2,"22":2,"23":0,"24":2,"25":1,"26":1,"27":1,"28":1},"f":{"0":1,"1":1,"2":1,"3":1,"4":1,"5":2,"6":2,"7":2,"8":2,"9":2,"10":2},"b":{"0":[1,0],"1":[0,1],"2":[0,2],"3":[1,1],"4":[0,2],"5":[1,1]}}
,"/home/sohail/Desktop/Unit Testing poc/nodejs-unit-test-poc/src/app/Authorization/UserCredentialsDbAccess.ts": {"path":"/home/sohail/Desktop/Unit Testing poc/nodejs-unit-test-poc/src/app/Authorization/UserCredentialsDbAccess.ts","statementMap":{"0":{"start":{"line":1,"column":0},"end":{"line":1,"column":29}},"1":{"start":{"line":4,"column":0},"end":{"line":4,"column":13}},"2":{"start":{"line":8,"column":16},"end":{"line":8,"column":null}},"3":{"start":{"line":9,"column":8},"end":{"line":9,"column":25}},"4":{"start":{"line":10,"column":8},"end":{"line":10,"column":33}},"5":{"start":{"line":13,"column":17},"end":{"line":23,"column":null}},"6":{"start":{"line":14,"column":8},"end":{"line":22,"column":11}},"7":{"start":{"line":15,"column":12},"end":{"line":21,"column":15}},"8":{"start":{"line":16,"column":16},"end":{"line":20,"column":null}},"9":{"start":{"line":17,"column":20},"end":{"line":17,"column":32}},"10":{"start":{"line":19,"column":20},"end":{"line":19,"column":34}},"11":{"start":{"line":25,"column":17},"end":{"line":39,"column":null}},"12":{"start":{"line":26,"column":8},"end":{"line":38,"column":11}},"13":{"start":{"line":27,"column":12},"end":{"line":37,"column":15}},"14":{"start":{"line":28,"column":16},"end":{"line":36,"column":null}},"15":{"start":{"line":29,"column":20},"end":{"line":29,"column":39}},"16":{"start":{"line":31,"column":20},"end":{"line":35,"column":null}},"17":{"start":{"line":32,"column":24},"end":{"line":32,"column":45}},"18":{"start":{"line":34,"column":24},"end":{"line":34,"column":48}},"19":{"start":{"line":41,"column":17},"end":{"line":56,"column":null}},"20":{"start":{"line":42,"column":8},"end":{"line":55,"column":11}},"21":{"start":{"line":43,"column":12},"end":{"line":54,"column":null}},"22":{"start":{"line":47,"column":16},"end":{"line":53,"column":null}},"23":{"start":{"line":48,"column":20},"end":{"line":48,"column":39}},"24":{"start":{"line":49,"column":23},"end":{"line":53,"column":null}},"25":{"start":{"line":50,"column":20},"end":{"line":50,"column":77}},"26":{"start":{"line":52,"column":20},"end":{"line":52,"column":30}},"27":{"start":{"line":57,"column":0},"end":{"line":57,"column":null}},"28":{"start":{"line":4,"column":13},"end":{"line":4,"column":36}}},"fnMap":{"0":{"name":"(anonymous_13)","decl":{"start":{"line":4,"column":0},"end":{"line":4,"column":13}},"loc":{"start":{"line":4,"column":0},"end":{"line":57,"column":null}}},"1":{"name":"UserCredentialsDbAccess","decl":{"start":{"line":8,"column":4},"end":{"line":8,"column":16}},"loc":{"start":{"line":8,"column":64},"end":{"line":11,"column":5}}},"2":{"name":"(anonymous_15)","decl":{"start":{"line":13,"column":4},"end":{"line":13,"column":17}},"loc":{"start":{"line":13,"column":68},"end":{"line":23,"column":null}}},"3":{"name":"(anonymous_18)","decl":{"start":{"line":14,"column":27},"end":{"line":14,"column":28}},"loc":{"start":{"line":14,"column":43},"end":{"line":22,"column":9}}},"4":{"name":"(anonymous_19)","decl":{"start":{"line":15,"column":47},"end":{"line":15,"column":48}},"loc":{"start":{"line":15,"column":76},"end":{"line":21,"column":13}}},"5":{"name":"(anonymous_20)","decl":{"start":{"line":25,"column":4},"end":{"line":25,"column":17}},"loc":{"start":{"line":25,"column":69},"end":{"line":39,"column":null}}},"6":{"name":"(anonymous_23)","decl":{"start":{"line":26,"column":27},"end":{"line":26,"column":28}},"loc":{"start":{"line":26,"column":43},"end":{"line":38,"column":9}}},"7":{"name":"(anonymous_24)","decl":{"start":{"line":27,"column":74},"end":{"line":27,"column":75}},"loc":{"start":{"line":27,"column":117},"end":{"line":37,"column":13}}},"8":{"name":"(anonymous_25)","decl":{"start":{"line":41,"column":4},"end":{"line":41,"column":17}},"loc":{"start":{"line":41,"column":71},"end":{"line":56,"column":null}}},"9":{"name":"(anonymous_28)","decl":{"start":{"line":42,"column":27},"end":{"line":42,"column":28}},"loc":{"start":{"line":42,"column":43},"end":{"line":55,"column":9}}},"10":{"name":"(anonymous_29)","decl":{"start":{"line":46,"column":19},"end":{"line":46,"column":20}},"loc":{"start":{"line":46,"column":50},"end":{"line":54,"column":13}}}},"branchMap":{"0":{"loc":{"start":{"line":8,"column":16},"end":{"line":8,"column":null}},"type":"if","locations":[{"start":{"line":8,"column":16},"end":{"line":8,"column":null}},{"start":{"line":8,"column":16},"end":{"line":8,"column":null}}]},"1":{"loc":{"start":{"line":16,"column":16},"end":{"line":20,"column":null}},"type":"if","locations":[{"start":{"line":16,"column":16},"end":{"line":20,"column":null}},{"start":{"line":16,"column":16},"end":{"line":20,"column":null}}]},"2":{"loc":{"start":{"line":28,"column":16},"end":{"line":36,"column":null}},"type":"if","locations":[{"start":{"line":28,"column":16},"end":{"line":36,"column":null}},{"start":{"line":28,"column":16},"end":{"line":36,"column":null}}]},"3":{"loc":{"start":{"line":31,"column":20},"end":{"line":35,"column":null}},"type":"if","locations":[{"start":{"line":31,"column":20},"end":{"line":35,"column":null}},{"start":{"line":31,"column":20},"end":{"line":35,"column":null}}]},"4":{"loc":{"start":{"line":47,"column":16},"end":{"line":53,"column":null}},"type":"if","locations":[{"start":{"line":47,"column":16},"end":{"line":53,"column":null}},{"start":{"line":47,"column":16},"end":{"line":53,"column":null}}]},"5":{"loc":{"start":{"line":49,"column":23},"end":{"line":53,"column":null}},"type":"if","locations":[{"start":{"line":49,"column":23},"end":{"line":53,"column":null}},{"start":{"line":49,"column":23},"end":{"line":53,"column":null}}]}},"s":{"0":2,"1":2,"2":4,"3":2,"4":2,"5":2,"6":2,"7":2,"8":1,"9":0,"10":1,"11":2,"12":3,"13":3,"14":3,"15":0,"16":3,"17":2,"18":1,"19":2,"20":1,"21":1,"22":1,"23":0,"24":1,"25":0,"26":1,"27":2,"28":2},"f":{"0":2,"1":2,"2":2,"3":2,"4":1,"5":3,"6":3,"7":3,"8":1,"9":1,"10":1},"b":{"0":[2,0],"1":[0,1],"2":[0,3],"3":[2,1],"4":[0,1],"5":[0,1]}}
,"/home/sohail/Desktop/Unit Testing poc/nodejs-unit-test-poc/src/app/Models/ServerModels.ts": {"path":"/home/sohail/Desktop/Unit Testing poc/nodejs-unit-test-poc/src/app/Models/ServerModels.ts","statementMap":{"0":{"start":{"line":21,"column":0},"end":{"line":21,"column":null}},"1":{"start":{"line":22,"column":4},"end":{"line":22,"column":null}},"2":{"start":{"line":23,"column":4},"end":{"line":23,"column":null}},"3":{"start":{"line":24,"column":4},"end":{"line":24,"column":null}},"4":{"start":{"line":27,"column":0},"end":{"line":27,"column":null}},"5":{"start":{"line":28,"column":4},"end":{"line":28,"column":null}},"6":{"start":{"line":29,"column":4},"end":{"line":29,"column":null}},"7":{"start":{"line":30,"column":4},"end":{"line":30,"column":null}},"8":{"start":{"line":31,"column":4},"end":{"line":31,"column":null}},"9":{"start":{"line":51,"column":0},"end":{"line":51,"column":null}},"10":{"start":{"line":52,"column":4},"end":{"line":52,"column":null}},"11":{"start":{"line":53,"column":4},"end":{"line":53,"column":null}},"12":{"start":{"line":54,"column":4},"end":{"line":54,"column":null}},"13":{"start":{"line":55,"column":4},"end":{"line":55,"column":null}},"14":{"start":{"line":56,"column":4},"end":{"line":56,"column":null}},"15":{"start":{"line":57,"column":4},"end":{"line":57,"column":null}},"16":{"start":{"line":60,"column":0},"end":{"line":60,"column":null}},"17":{"start":{"line":61,"column":4},"end":{"line":61,"column":null}},"18":{"start":{"line":62,"column":4},"end":{"line":62,"column":null}},"19":{"start":{"line":63,"column":4},"end":{"line":63,"column":null}},"20":{"start":{"line":64,"column":4},"end":{"line":64,"column":null}},"21":{"start":{"line":65,"column":4},"end":{"line":65,"column":null}}},"fnMap":{"0":{"name":"(anonymous_0)","decl":{"start":{"line":21,"column":0},"end":{"line":21,"column":12}},"loc":{"start":{"line":21,"column":22},"end":{"line":25,"column":1}}},"1":{"name":"(anonymous_1)","decl":{"start":{"line":27,"column":0},"end":{"line":27,"column":12}},"loc":{"start":{"line":27,"column":23},"end":{"line":32,"column":1}}},"2":{"name":"(anonymous_2)","decl":{"start":{"line":51,"column":0},"end":{"line":51,"column":12}},"loc":{"start":{"line":51,"column":22},"end":{"line":58,"column":1}}},"3":{"name":"(anonymous_3)","decl":{"start":{"line":60,"column":0},"end":{"line":60,"column":12}},"loc":{"start":{"line":60,"column":24},"end":{"line":66,"column":1}}}},"branchMap":{"0":{"loc":{"start":{"line":21,"column":12},"end":{"line":21,"column":22}},"type":"binary-expr","locations":[{"start":{"line":21,"column":12},"end":{"line":21,"column":22}},{"start":{"line":21,"column":12},"end":{"line":21,"column":null}}]},"1":{"loc":{"start":{"line":27,"column":12},"end":{"line":27,"column":23}},"type":"binary-expr","locations":[{"start":{"line":27,"column":12},"end":{"line":27,"column":23}},{"start":{"line":27,"column":12},"end":{"line":27,"column":null}}]},"2":{"loc":{"start":{"line":51,"column":12},"end":{"line":51,"column":22}},"type":"binary-expr","locations":[{"start":{"line":51,"column":12},"end":{"line":51,"column":22}},{"start":{"line":51,"column":12},"end":{"line":51,"column":null}}]},"3":{"loc":{"start":{"line":60,"column":12},"end":{"line":60,"column":24}},"type":"binary-expr","locations":[{"start":{"line":60,"column":12},"end":{"line":60,"column":24}},{"start":{"line":60,"column":12},"end":{"line":60,"column":null}}]}},"s":{"0":1,"1":1,"2":1,"3":1,"4":1,"5":1,"6":1,"7":1,"8":1,"9":1,"10":1,"11":1,"12":1,"13":1,"14":1,"15":1,"16":1,"17":1,"18":1,"19":1,"20":1,"21":1},"f":{"0":1,"1":1,"2":1,"3":1},"b":{"0":[1,1],"1":[1,1],"2":[1,1],"3":[1,1]}}
}
