TN:
SF:src/app/Authorization/SessionTokenDBAccess.ts
FN:4,(anonymous_13)
FN:8,SessionTokenDBAccess
FN:13,(anonymous_15)
FN:14,(anonymous_18)
FN:15,(anonymous_19)
FN:25,(anonymous_20)
FN:26,(anonymous_23)
FN:27,(anonymous_24)
FN:41,(anonymous_25)
FN:42,(anonymous_28)
FN:43,(anonymous_29)
FNF:11
FNH:11
FNDA:1,(anonymous_13)
FNDA:1,SessionTokenDBAccess
FNDA:1,(anonymous_15)
FNDA:1,(anonymous_18)
FNDA:1,(anonymous_19)
FNDA:2,(anonymous_20)
FNDA:2,(anonymous_23)
FNDA:2,(anonymous_24)
FNDA:2,(anonymous_25)
FNDA:2,(anonymous_28)
FNDA:2,(anonymous_29)
DA:2,1
DA:4,1
DA:8,2
DA:9,1
DA:10,1
DA:13,1
DA:14,1
DA:15,1
DA:16,1
DA:17,0
DA:19,1
DA:25,1
DA:26,2
DA:27,2
DA:28,2
DA:29,0
DA:31,2
DA:32,1
DA:34,1
DA:41,1
DA:42,2
DA:43,2
DA:44,2
DA:45,0
DA:47,2
DA:48,1
DA:50,1
DA:56,1
LF:28
LH:25
BRDA:8,0,0,1
BRDA:8,0,1,0
BRDA:16,1,0,0
BRDA:16,1,1,1
BRDA:28,2,0,0
BRDA:28,2,1,2
BRDA:31,3,0,1
BRDA:31,3,1,1
BRDA:44,4,0,0
BRDA:44,4,1,2
BRDA:47,5,0,1
BRDA:47,5,1,1
BRF:12
BRH:8
end_of_record
TN:
SF:src/app/Authorization/UserCredentialsDbAccess.ts
FN:4,(anonymous_13)
FN:8,UserCredentialsDbAccess
FN:13,(anonymous_15)
FN:14,(anonymous_18)
FN:15,(anonymous_19)
FN:25,(anonymous_20)
FN:26,(anonymous_23)
FN:27,(anonymous_24)
FN:41,(anonymous_25)
FN:42,(anonymous_28)
FN:46,(anonymous_29)
FNF:11
FNH:11
FNDA:2,(anonymous_13)
FNDA:2,UserCredentialsDbAccess
FNDA:2,(anonymous_15)
FNDA:2,(anonymous_18)
FNDA:1,(anonymous_19)
FNDA:3,(anonymous_20)
FNDA:3,(anonymous_23)
FNDA:3,(anonymous_24)
FNDA:1,(anonymous_25)
FNDA:1,(anonymous_28)
FNDA:1,(anonymous_29)
DA:1,2
DA:4,2
DA:8,4
DA:9,2
DA:10,2
DA:13,2
DA:14,2
DA:15,2
DA:16,1
DA:17,0
DA:19,1
DA:25,2
DA:26,3
DA:27,3
DA:28,3
DA:29,0
DA:31,3
DA:32,2
DA:34,1
DA:41,2
DA:42,1
DA:43,1
DA:47,1
DA:48,0
DA:49,1
DA:50,0
DA:52,1
DA:57,2
LF:28
LH:24
BRDA:8,0,0,2
BRDA:8,0,1,0
BRDA:16,1,0,0
BRDA:16,1,1,1
BRDA:28,2,0,0
BRDA:28,2,1,3
BRDA:31,3,0,2
BRDA:31,3,1,1
BRDA:47,4,0,0
BRDA:47,4,1,1
BRDA:49,5,0,0
BRDA:49,5,1,1
BRF:12
BRH:7
end_of_record
TN:
SF:src/app/Models/ServerModels.ts
FN:21,(anonymous_0)
FN:27,(anonymous_1)
FN:51,(anonymous_2)
FN:60,(anonymous_3)
FNF:4
FNH:4
FNDA:1,(anonymous_0)
FNDA:1,(anonymous_1)
FNDA:1,(anonymous_2)
FNDA:1,(anonymous_3)
DA:21,1
DA:22,1
DA:23,1
DA:24,1
DA:27,1
DA:28,1
DA:29,1
DA:30,1
DA:31,1
DA:51,1
DA:52,1
DA:53,1
DA:54,1
DA:55,1
DA:56,1
DA:57,1
DA:60,1
DA:61,1
DA:62,1
DA:63,1
DA:64,1
DA:65,1
LF:22
LH:22
BRDA:21,0,0,1
BRDA:21,0,1,1
BRDA:27,1,0,1
BRDA:27,1,1,1
BRDA:51,2,0,1
BRDA:51,2,1,1
BRDA:60,3,0,1
BRDA:60,3,1,1
BRF:8
BRH:8
end_of_record
